        -:    0:Source:dominion.c
        -:    0:Graph:dominion.gcno
        -:    0:Data:dominion.gcda
        -:    0:Runs:5
        -:    0:Programs:5
        -:    1:#include "dominion.h"
        -:    2:#include "dominion_helpers.h"
        -:    3:#include "rngs.h"
        -:    4:#include <stdio.h>
        -:    5:#include <math.h>
        -:    6:#include <stdlib.h>
        -:    7:
function compare called 1897650 returned 100% blocks executed 83%
  1897650:    8:int compare(const void* a, const void* b) {
  1897650:    9:  if (*(int*)a > *(int*)b)
branch  0 taken 0% (fallthrough)
branch  1 taken 100%
    #####:   10:    return 1;
  1897650:   11:  if (*(int*)a < *(int*)b)
branch  0 taken 27% (fallthrough)
branch  1 taken 73%
   506040:   12:    return -1;
  1391610:   13:  return 0;
        -:   14:}
        -:   15:
function newGame called 0 returned 0% blocks executed 0%
    #####:   16:struct gameState* newGame() {
    #####:   17:  struct gameState* g = malloc(sizeof(struct gameState));
    #####:   18:  return g;
        -:   19:}
        -:   20:
function kingdomCards called 0 returned 0% blocks executed 0%
    #####:   21:int* kingdomCards(int k1, int k2, int k3, int k4, int k5, int k6, int k7,
        -:   22:                  int k8, int k9, int k10) {
    #####:   23:  int* k = malloc(10 * sizeof(int));
    #####:   24:  k[0] = k1;
    #####:   25:  k[1] = k2;
    #####:   26:  k[2] = k3;
    #####:   27:  k[3] = k4;
    #####:   28:  k[4] = k5;
    #####:   29:  k[5] = k6;
    #####:   30:  k[6] = k7;
    #####:   31:  k[7] = k8;
    #####:   32:  k[8] = k9;
    #####:   33:  k[9] = k10;
    #####:   34:  return k;
        -:   35:}
        -:   36:
function initializeGame called 63255 returned 100% blocks executed 88%
    63255:   37:int initializeGame(int numPlayers, int kingdomCards[10], int randomSeed,
        -:   38:                   struct gameState *state) {
        -:   39:    
        -:   40:  int i;
        -:   41:  int j;
        -:   42:  int it;
        -:   43:  //set up random number generator
    63255:   44:  SelectStream(1);
call    0 returned 100%
    63255:   45:  PutSeed((long)randomSeed);
call    0 returned 100%
        -:   46:    
        -:   47:  //check number of players
    63255:   48:  if (numPlayers > MAX_PLAYERS || numPlayers < 2)
branch  0 taken 100% (fallthrough)
branch  1 taken 0%
branch  2 taken 0% (fallthrough)
branch  3 taken 100%
        -:   49:    {
    #####:   50:      return -1;
        -:   51:    }
        -:   52:    
        -:   53:  //set number of players
    63255:   54:  state->numPlayers = numPlayers;
        -:   55:    
        -:   56:  //check selected kingdom cards are different
   695805:   57:  for (i = 0; i < 10; i++)
branch  0 taken 91%
branch  1 taken 9% (fallthrough)
        -:   58:    {
  6958050:   59:      for (j = 0; j < 10; j++)
branch  0 taken 91%
branch  1 taken 9% (fallthrough)
        -:   60:        {
  6325500:   61:	  if (j != i && kingdomCards[j] == kingdomCards[i])
branch  0 taken 90% (fallthrough)
branch  1 taken 10%
branch  2 taken 0% (fallthrough)
branch  3 taken 100%
        -:   62:            {
    #####:   63:	      return -1;
        -:   64:            }
        -:   65:        }
        -:   66:    }
        -:   67:    
        -:   68:    
        -:   69:  //initialize supply
        -:   70:  ///////////////////////////////
        -:   71:    
        -:   72:  //set number of Curse cards
    63255:   73:  if (numPlayers == 2)
branch  0 taken 100% (fallthrough)
branch  1 taken 0%
        -:   74:    {
    63255:   75:      state->supplyCount[curse] = 10;
        -:   76:    }
    #####:   77:  else if (numPlayers == 3)
branch  0 never executed
branch  1 never executed
        -:   78:    {
    #####:   79:      state->supplyCount[curse] = 20;
        -:   80:    }
        -:   81:  else
        -:   82:    {
    #####:   83:      state->supplyCount[curse] = 30;
        -:   84:    }
        -:   85:    
        -:   86:  //set number of Victory cards
    63255:   87:  if (numPlayers == 2)
branch  0 taken 100% (fallthrough)
branch  1 taken 0%
        -:   88:    {
    63255:   89:      state->supplyCount[estate] = 8;
    63255:   90:      state->supplyCount[duchy] = 8;
    63255:   91:      state->supplyCount[province] = 8;
        -:   92:    }
        -:   93:  else
        -:   94:    {
    #####:   95:      state->supplyCount[estate] = 12;
    #####:   96:      state->supplyCount[duchy] = 12;
    #####:   97:      state->supplyCount[province] = 12;
        -:   98:    }
        -:   99:    
        -:  100:  //set number of Treasure cards
    63255:  101:  state->supplyCount[copper] = 60 - (7 * numPlayers);
    63255:  102:  state->supplyCount[silver] = 40;
    63255:  103:  state->supplyCount[gold] = 30;
        -:  104:    
        -:  105:  //set number of Kingdom cards
  1328355:  106:  for (i = adventurer; i <= treasure_map; i++)           //loop all cards
branch  0 taken 95%
branch  1 taken 5% (fallthrough)
        -:  107:    {
 10437075:  108:      for (j = 0; j < 10; j++)                   //loop chosen cards
branch  0 taken 94%
branch  1 taken 6% (fallthrough)
        -:  109:        {
  9804525:  110:	  if (kingdomCards[j] == i)
branch  0 taken 6% (fallthrough)
branch  1 taken 94%
        -:  111:            {
        -:  112:	      //check if card is a 'Victory' Kingdom card
   632550:  113:	      if (kingdomCards[j] == great_hall || kingdomCards[j] == gardens)
branch  0 taken 90% (fallthrough)
branch  1 taken 10%
branch  2 taken 11% (fallthrough)
branch  3 taken 89%
        -:  114:                {
   253020:  115:		  if (numPlayers == 2){
branch  0 taken 100% (fallthrough)
branch  1 taken 0%
   126510:  116:		    state->supplyCount[i] = 8;
        -:  117:		  }
    #####:  118:		  else{ state->supplyCount[i] = 12; }
        -:  119:                }
        -:  120:	      else
        -:  121:                {
   506040:  122:		  state->supplyCount[i] = 10;
        -:  123:                }
   632550:  124:	      break;
        -:  125:            }
        -:  126:	  else    //card is not in the set choosen for the game
        -:  127:            {
  9171975:  128:	      state->supplyCount[i] = -1;
        -:  129:            }
        -:  130:        }
        -:  131:        
        -:  132:    }
        -:  133:    
        -:  134:  ////////////////////////
        -:  135:  //supply intilization complete
        -:  136:    
        -:  137:  //set player decks
   189765:  138:  for (i = 0; i < numPlayers; i++)
branch  0 taken 67%
branch  1 taken 33% (fallthrough)
        -:  139:    {
   126510:  140:      state->deckCount[i] = 0;
   506040:  141:      for (j = 0; j < 3; j++)
branch  0 taken 75%
branch  1 taken 25% (fallthrough)
        -:  142:        {
   379530:  143:	  state->deck[i][j] = estate;
   379530:  144:	  state->deckCount[i]++;
        -:  145:        }
  1012080:  146:      for (j = 3; j < 10; j++)
branch  0 taken 88%
branch  1 taken 13% (fallthrough)
        -:  147:        {
   885570:  148:	  state->deck[i][j] = copper;
   885570:  149:	  state->deckCount[i]++;
        -:  150:        }
        -:  151:    }
        -:  152:    
        -:  153:  //shuffle player decks
   189765:  154:  for (i = 0; i < numPlayers; i++)
branch  0 taken 67%
branch  1 taken 33% (fallthrough)
        -:  155:    {
   126510:  156:      if ( shuffle(i, state) < 0 )
call    0 returned 100%
branch  1 taken 0% (fallthrough)
branch  2 taken 100%
        -:  157:        {
    #####:  158:	  return -1;
        -:  159:        }
        -:  160:    }
        -:  161:    
        -:  162:  //draw player hands
   189765:  163:  for (i = 0; i < numPlayers; i++)
branch  0 taken 67%
branch  1 taken 33% (fallthrough)
        -:  164:    {
        -:  165:      //initialize hand size to zero
   126510:  166:      state->handCount[i] = 0;
   126510:  167:      state->discardCount[i] = 0;
        -:  168:      //draw 5 cards
        -:  169:      // for (j = 0; j < 5; j++)
        -:  170:      //    {
        -:  171:      //      drawCard(i, state);
        -:  172:      //    }
        -:  173:    }
        -:  174:    
        -:  175:  //set embargo tokens to 0 for all supply piles
  1771140:  176:  for (i = 0; i <= treasure_map; i++)
branch  0 taken 96%
branch  1 taken 4% (fallthrough)
        -:  177:    {
  1707885:  178:      state->embargoTokens[i] = 0;
        -:  179:    }
        -:  180:    
        -:  181:  //initialize first player's turn
    63255:  182:  state->outpostPlayed = 0;
    63255:  183:  state->phase = 0;
    63255:  184:  state->numActions = 1;
    63255:  185:  state->numBuys = 1;
    63255:  186:  state->playedCardCount = 0;
    63255:  187:  state->whoseTurn = 0;
    63255:  188:  state->handCount[state->whoseTurn] = 0;
        -:  189:  //int it; move to top
        -:  190:    
        -:  191:  //Moved draw cards to here, only drawing at the start of a turn
   379530:  192:  for (it = 0; it < 5; it++){
branch  0 taken 83%
branch  1 taken 17% (fallthrough)
   316275:  193:    drawCard(state->whoseTurn, state);
call    0 returned 100%
        -:  194:  }
        -:  195:    
    63255:  196:  updateCoins(state->whoseTurn, state, 0);
call    0 returned 100%
        -:  197:    
    63255:  198:  return 0;
        -:  199:}
        -:  200:
function shuffle called 126510 returned 100% blocks executed 94%
   126510:  201:int shuffle(int player, struct gameState *state) {
        -:  202:    
        -:  203:    
        -:  204:  int newDeck[MAX_DECK];
   126510:  205:  int newDeckPos = 0;
        -:  206:  int card;
        -:  207:  int i;
        -:  208:    
   126510:  209:  if (state->deckCount[player] < 1)
branch  0 taken 0% (fallthrough)
branch  1 taken 100%
    #####:  210:    return -1;
   126510:  211:  qsort ((void*)(state->deck[player]), state->deckCount[player], sizeof(int), compare);
call    0 returned 100%
        -:  212:  /* SORT CARDS IN DECK TO ENSURE DETERMINISM! */
        -:  213:    
  1518120:  214:  while (state->deckCount[player] > 0) {
branch  0 taken 91%
branch  1 taken 9% (fallthrough)
  1265100:  215:    card = floor(Random() * state->deckCount[player]);
call    0 returned 100%
  1265100:  216:    newDeck[newDeckPos] = state->deck[player][card];
  1265100:  217:    newDeckPos++;
  4238085:  218:    for (i = card; i < state->deckCount[player]-1; i++) {
branch  0 taken 70%
branch  1 taken 30% (fallthrough)
  2972985:  219:      state->deck[player][i] = state->deck[player][i+1];
        -:  220:    }
  1265100:  221:    state->deckCount[player]--;
        -:  222:  }
  1391610:  223:  for (i = 0; i < newDeckPos; i++) {
branch  0 taken 91%
branch  1 taken 9% (fallthrough)
  1265100:  224:    state->deck[player][i] = newDeck[i];
  1265100:  225:    state->deckCount[player]++;
        -:  226:  }
        -:  227:    
   126510:  228:  return 0;
        -:  229:}
        -:  230:
function playCard called 0 returned 0% blocks executed 0%
    #####:  231:int playCard(int handPos, int choice1, int choice2, int choice3, struct gameState *state)
        -:  232:{
        -:  233:  int card;
    #####:  234:  int coin_bonus = 0;         //tracks coins gain from actions
        -:  235:    
        -:  236:  //check if it is the right phase
    #####:  237:  if (state->phase != 0)
branch  0 never executed
branch  1 never executed
        -:  238:    {
    #####:  239:      return -1;
        -:  240:    }
        -:  241:    
        -:  242:  //check if player has enough actions
    #####:  243:  if ( state->numActions < 1 )
branch  0 never executed
branch  1 never executed
        -:  244:    {
    #####:  245:      return -1;
        -:  246:    }
        -:  247:    
        -:  248:  //get card played
    #####:  249:  card = handCard(handPos, state);
call    0 never executed
        -:  250:    
        -:  251:  //check if selected card is an action
    #####:  252:  if ( card < adventurer || card > treasure_map )
branch  0 never executed
branch  1 never executed
branch  2 never executed
branch  3 never executed
        -:  253:    {
    #####:  254:      return -1;
        -:  255:    }
        -:  256:    
        -:  257:  //play card
    #####:  258:  if ( cardEffect(card, choice1, choice2, choice3, state, handPos, &coin_bonus) < 0 )
call    0 never executed
branch  1 never executed
branch  2 never executed
        -:  259:    {
    #####:  260:      return -1;
        -:  261:    }
        -:  262:    
        -:  263:  //reduce number of actions
    #####:  264:  state->numActions--;
        -:  265:    
        -:  266:  //update coins (Treasure cards may be added with card draws)
    #####:  267:  updateCoins(state->whoseTurn, state, coin_bonus);
call    0 never executed
        -:  268:    
    #####:  269:  return 0;
        -:  270:}
        -:  271:
function buyCard called 0 returned 0% blocks executed 0%
    #####:  272:int buyCard(int supplyPos, struct gameState *state) {
        -:  273:  int who;
        -:  274:  if (DEBUG){
        -:  275:    printf("Entering buyCard...\n");
        -:  276:  }
        -:  277:    
        -:  278:  // I don't know what to do about the phase thing.
        -:  279:    
    #####:  280:  who = state->whoseTurn;
        -:  281:    
    #####:  282:  if (state->numBuys < 1){
branch  0 never executed
branch  1 never executed
        -:  283:    if (DEBUG)
        -:  284:      printf("You do not have any buys left\n");
    #####:  285:    return -1;
    #####:  286:  } else if (supplyCount(supplyPos, state) <1){
call    0 never executed
branch  1 never executed
branch  2 never executed
        -:  287:    if (DEBUG)
        -:  288:      printf("There are not any of that type of card left\n");
    #####:  289:    return -1;
    #####:  290:  } else if (state->coins < getCost(supplyPos)){
call    0 never executed
branch  1 never executed
branch  2 never executed
        -:  291:    if (DEBUG)
        -:  292:      printf("You do not have enough money to buy that. You have %d coins.\n", state->coins);
    #####:  293:    return -1;
        -:  294:  } else {
    #####:  295:    state->phase=1;
        -:  296:    //state->supplyCount[supplyPos]--;
    #####:  297:    gainCard(supplyPos, state, 0, who); //card goes in discard, this might be wrong.. (2 means goes into hand, 0 goes into discard)
call    0 never executed
        -:  298:        
    #####:  299:    state->coins = (state->coins) - (getCost(supplyPos));
call    0 never executed
    #####:  300:    state->numBuys--;
        -:  301:    if (DEBUG)
        -:  302:      printf("You bought card number %d for %d coins. You now have %d buys and %d coins.\n", supplyPos, getCost(supplyPos), state->numBuys, state->coins);
        -:  303:  }
        -:  304:    
        -:  305:  //state->discard[who][state->discardCount[who]] = supplyPos;
        -:  306:  //state->discardCount[who]++;
        -:  307:    
    #####:  308:  return 0;
        -:  309:}
        -:  310:
function numHandCards called 0 returned 0% blocks executed 0%
    #####:  311:int numHandCards(struct gameState *state) {
    #####:  312:  return state->handCount[ whoseTurn(state) ];
call    0 never executed
        -:  313:}
        -:  314:
function handCard called 0 returned 0% blocks executed 0%
    #####:  315:int handCard(int handPos, struct gameState *state) {
    #####:  316:  int currentPlayer = whoseTurn(state);
call    0 never executed
    #####:  317:  return state->hand[currentPlayer][handPos];
        -:  318:}
        -:  319:
function supplyCount called 660000 returned 100% blocks executed 100%
   660000:  320:int supplyCount(int card, struct gameState *state) {
   660000:  321:  return state->supplyCount[card];
        -:  322:}
        -:  323:
function fullDeckCount called 2000 returned 100% blocks executed 100%
     2000:  324:int fullDeckCount(int player, int card, struct gameState *state) {
        -:  325:  int i;
     2000:  326:  int count = 0;
        -:  327:    
    11000:  328:  for (i = 0; i < state->deckCount[player]; i++)
branch  0 taken 82%
branch  1 taken 18% (fallthrough)
        -:  329:    {
     9000:  330:      if (state->deck[player][i] == card) count++;
branch  0 taken 100% (fallthrough)
branch  1 taken 0%
        -:  331:    }
        -:  332:    
    11000:  333:  for (i = 0; i < state->handCount[player]; i++)
branch  0 taken 82%
branch  1 taken 18% (fallthrough)
        -:  334:    {
     9000:  335:      if (state->hand[player][i] == card) count++;
branch  0 taken 100% (fallthrough)
branch  1 taken 0%
        -:  336:    }
        -:  337:    
    11000:  338:  for (i = 0; i < state->discardCount[player]; i++)
branch  0 taken 82%
branch  1 taken 18% (fallthrough)
        -:  339:    {
     9000:  340:      if (state->discard[player][i] == card) count++;
branch  0 taken 100% (fallthrough)
branch  1 taken 0%
        -:  341:    }
        -:  342:    
     2000:  343:  return count;
        -:  344:}
        -:  345:
function whoseTurn called 540 returned 100% blocks executed 100%
      540:  346:int whoseTurn(struct gameState *state) {
      540:  347:  return state->whoseTurn;
        -:  348:}
        -:  349:
function endTurn called 0 returned 0% blocks executed 0%
    #####:  350:int endTurn(struct gameState *state) {
        -:  351:  int k;
        -:  352:  int i;
    #####:  353:  int currentPlayer = whoseTurn(state);
call    0 never executed
        -:  354:    
        -:  355:  //Discard hand
    #####:  356:  for (i = 0; i < state->handCount[currentPlayer]; i++){
branch  0 never executed
branch  1 never executed
    #####:  357:    state->discard[currentPlayer][state->discardCount[currentPlayer]++] = state->hand[currentPlayer][i];//Discard
    #####:  358:    state->hand[currentPlayer][i] = -1;//Set card to -1
        -:  359:  }
    #####:  360:  state->handCount[currentPlayer] = 0;//Reset hand count
        -:  361:    
        -:  362:  //Code for determining the player
    #####:  363:  if (currentPlayer < (state->numPlayers - 1)){
branch  0 never executed
branch  1 never executed
    #####:  364:    state->whoseTurn = currentPlayer + 1;//Still safe to increment
        -:  365:  }
        -:  366:  else{
    #####:  367:    state->whoseTurn = 0;//Max player has been reached, loop back around to player 1
        -:  368:  }
        -:  369:    
    #####:  370:  state->outpostPlayed = 0;
    #####:  371:  state->phase = 0;
    #####:  372:  state->numActions = 1;
    #####:  373:  state->coins = 0;
    #####:  374:  state->numBuys = 1;
    #####:  375:  state->playedCardCount = 0;
    #####:  376:  state->handCount[state->whoseTurn] = 0;
        -:  377:    
        -:  378:  //int k; move to top
        -:  379:  //Next player draws hand
    #####:  380:  for (k = 0; k < 5; k++){
branch  0 never executed
branch  1 never executed
    #####:  381:    drawCard(state->whoseTurn, state);//Draw a card
call    0 never executed
        -:  382:  }
        -:  383:    
        -:  384:  //Update money
    #####:  385:  updateCoins(state->whoseTurn, state , 0);
call    0 never executed
        -:  386:    
    #####:  387:  return 0;
        -:  388:}
        -:  389:
function isGameOver called 625 returned 100% blocks executed 91%
      625:  390:int isGameOver(struct gameState *state) {
        -:  391:  int i;
        -:  392:  int j;
        -:  393:    
        -:  394:  //if stack of Province cards is empty, the game ends
      625:  395:  if (state->supplyCount[province] == 0)
branch  0 taken 4% (fallthrough)
branch  1 taken 96%
        -:  396:    {
       25:  397:      return 1;
        -:  398:    }
        -:  399:    
        -:  400:  //if three supply pile are at 0, the game ends
      600:  401:  j = 0;
    15600:  402:  for (i = 0; i < 25; i++)
branch  0 taken 96%
branch  1 taken 4% (fallthrough)
        -:  403:    {
    15000:  404:      if (state->supplyCount[i] == 0)
branch  0 taken 4% (fallthrough)
branch  1 taken 96%
        -:  405:        {
      600:  406:	  j++;
        -:  407:        }
        -:  408:    }
      600:  409:  if ( j >= 3)
branch  0 taken 0% (fallthrough)
branch  1 taken 100%
        -:  410:    {
    #####:  411:      return 1;
        -:  412:    }
        -:  413:    
      600:  414:  return 0;
        -:  415:}
        -:  416:
function scoreFor called 0 returned 0% blocks executed 0%
    #####:  417:int scoreFor (int player, struct gameState *state) {
        -:  418:    
        -:  419:  int i;
    #####:  420:  int score = 0;
        -:  421:  //score from hand
    #####:  422:  for (i = 0; i < state->handCount[player]; i++)
branch  0 never executed
branch  1 never executed
        -:  423:    {
    #####:  424:      if (state->hand[player][i] == curse) { score = score - 1; };
branch  0 never executed
branch  1 never executed
    #####:  425:      if (state->hand[player][i] == estate) { score = score + 1; };
branch  0 never executed
branch  1 never executed
    #####:  426:      if (state->hand[player][i] == duchy) { score = score + 3; };
branch  0 never executed
branch  1 never executed
    #####:  427:      if (state->hand[player][i] == province) { score = score + 6; };
branch  0 never executed
branch  1 never executed
    #####:  428:      if (state->hand[player][i] == great_hall) { score = score + 1; };
branch  0 never executed
branch  1 never executed
    #####:  429:      if (state->hand[player][i] == gardens) { score = score + ( fullDeckCount(player, 0, state) / 10 ); };
branch  0 never executed
branch  1 never executed
call    2 never executed
        -:  430:    }
        -:  431:    
        -:  432:  //score from discard
    #####:  433:  for (i = 0; i < state->discardCount[player]; i++)
branch  0 never executed
branch  1 never executed
        -:  434:    {
    #####:  435:      if (state->discard[player][i] == curse) { score = score - 1; };
branch  0 never executed
branch  1 never executed
    #####:  436:      if (state->discard[player][i] == estate) { score = score + 1; };
branch  0 never executed
branch  1 never executed
    #####:  437:      if (state->discard[player][i] == duchy) { score = score + 3; };
branch  0 never executed
branch  1 never executed
    #####:  438:      if (state->discard[player][i] == province) { score = score + 6; };
branch  0 never executed
branch  1 never executed
    #####:  439:      if (state->discard[player][i] == great_hall) { score = score + 1; };
branch  0 never executed
branch  1 never executed
    #####:  440:      if (state->discard[player][i] == gardens) { score = score + ( fullDeckCount(player, 0, state) / 10 ); };
branch  0 never executed
branch  1 never executed
call    2 never executed
        -:  441:    }
        -:  442:    
        -:  443:  //score from deck
    #####:  444:  for (i = 0; i < state->discardCount[player]; i++)
branch  0 never executed
branch  1 never executed
        -:  445:    {
    #####:  446:      if (state->deck[player][i] == curse) { score = score - 1; };
branch  0 never executed
branch  1 never executed
    #####:  447:      if (state->deck[player][i] == estate) { score = score + 1; };
branch  0 never executed
branch  1 never executed
    #####:  448:      if (state->deck[player][i] == duchy) { score = score + 3; };
branch  0 never executed
branch  1 never executed
    #####:  449:      if (state->deck[player][i] == province) { score = score + 6; };
branch  0 never executed
branch  1 never executed
    #####:  450:      if (state->deck[player][i] == great_hall) { score = score + 1; };
branch  0 never executed
branch  1 never executed
    #####:  451:      if (state->deck[player][i] == gardens) { score = score + ( fullDeckCount(player, 0, state) / 10 ); };
branch  0 never executed
branch  1 never executed
call    2 never executed
        -:  452:    }
        -:  453:    
    #####:  454:  return score;
        -:  455:}
        -:  456:
function getWinners called 0 returned 0% blocks executed 0%
    #####:  457:int getWinners(int players[MAX_PLAYERS], struct gameState *state) {
        -:  458:  int i;
        -:  459:  int j;
        -:  460:  int highScore;
        -:  461:  int currentPlayer;
        -:  462:    
        -:  463:  //get score for each player
    #####:  464:  for (i = 0; i < MAX_PLAYERS; i++)
branch  0 never executed
branch  1 never executed
        -:  465:    {
        -:  466:      //set unused player scores to -9999
    #####:  467:      if (i >= state->numPlayers)
branch  0 never executed
branch  1 never executed
        -:  468:        {
    #####:  469:	  players[i] = -9999;
        -:  470:        }
        -:  471:      else
        -:  472:        {
    #####:  473:	  players[i] = scoreFor (i, state);
call    0 never executed
        -:  474:        }
        -:  475:    }
        -:  476:    
        -:  477:  //find highest score
    #####:  478:  j = 0;
    #####:  479:  for (i = 0; i < MAX_PLAYERS; i++)
branch  0 never executed
branch  1 never executed
        -:  480:    {
    #####:  481:      if (players[i] > players[j])
branch  0 never executed
branch  1 never executed
        -:  482:        {
    #####:  483:	  j = i;
        -:  484:        }
        -:  485:    }
    #####:  486:  highScore = players[j];
        -:  487:    
        -:  488:  //add 1 to players who had less turns
    #####:  489:  currentPlayer = whoseTurn(state);
call    0 never executed
    #####:  490:  for (i = 0; i < MAX_PLAYERS; i++)
branch  0 never executed
branch  1 never executed
        -:  491:    {
    #####:  492:      if ( players[i] == highScore && i > currentPlayer )
branch  0 never executed
branch  1 never executed
branch  2 never executed
branch  3 never executed
        -:  493:        {
    #####:  494:	  players[i]++;
        -:  495:        }
        -:  496:    }
        -:  497:    
        -:  498:  //find new highest score
    #####:  499:  j = 0;
    #####:  500:  for (i = 0; i < MAX_PLAYERS; i++)
branch  0 never executed
branch  1 never executed
        -:  501:    {
    #####:  502:      if ( players[i] > players[j] )
branch  0 never executed
branch  1 never executed
        -:  503:        {
    #####:  504:	  j = i;
        -:  505:        }
        -:  506:    }
    #####:  507:  highScore = players[j];
        -:  508:    
        -:  509:  //set winners in array to 1 and rest to 0
    #####:  510:  for (i = 0; i < MAX_PLAYERS; i++)
branch  0 never executed
branch  1 never executed
        -:  511:    {
    #####:  512:      if ( players[i] == highScore )
branch  0 never executed
branch  1 never executed
        -:  513:        {
    #####:  514:	  players[i] = 1;
        -:  515:        }
        -:  516:      else
        -:  517:        {
    #####:  518:	  players[i] = 0;
        -:  519:        }
        -:  520:    }
        -:  521:    
    #####:  522:  return 0;
        -:  523:}
        -:  524:
function drawCard called 317355 returned 100% blocks executed 38%
   317355:  525:int drawCard(int player, struct gameState *state)
        -:  526:{    int count;
        -:  527:  int deckCounter;
   317355:  528:  if (state->deckCount[player] <= 0){//Deck is empty
branch  0 taken 0% (fallthrough)
branch  1 taken 100%
        -:  529:        
        -:  530:    //Step 1 Shuffle the discard pile back into a deck
        -:  531:    int i;
        -:  532:    //Move discard to deck
    #####:  533:    for (i = 0; i < state->discardCount[player];i++){
branch  0 never executed
branch  1 never executed
    #####:  534:      state->deck[player][i] = state->discard[player][i];
    #####:  535:      state->discard[player][i] = -1;
        -:  536:    }
        -:  537:        
    #####:  538:    state->deckCount[player] = state->discardCount[player];
    #####:  539:    state->discardCount[player] = 0;//Reset discard
        -:  540:        
        -:  541:    //Shufffle the deck
    #####:  542:    shuffle(player, state);//Shuffle the deck up and make it so that we can draw
call    0 never executed
        -:  543:        
        -:  544:    if (DEBUG){//Debug statements
        -:  545:      printf("Deck count now: %d\n", state->deckCount[player]);
        -:  546:    }
        -:  547:        
    #####:  548:    state->discardCount[player] = 0;
        -:  549:        
        -:  550:    //Step 2 Draw Card
    #####:  551:    count = state->handCount[player];//Get current player's hand count
        -:  552:        
        -:  553:    if (DEBUG){//Debug statements
        -:  554:      printf("Current hand count: %d\n", count);
        -:  555:    }
        -:  556:        
    #####:  557:    deckCounter = state->deckCount[player];//Create a holder for the deck count
        -:  558:        
    #####:  559:    if (deckCounter == 0)
branch  0 never executed
branch  1 never executed
    #####:  560:      return -1;
        -:  561:        
    #####:  562:    state->hand[player][count] = state->deck[player][deckCounter - 1];//Add card to hand
    #####:  563:    state->deckCount[player]--;
    #####:  564:    state->handCount[player]++;//Increment hand count
        -:  565:  }
        -:  566:    
        -:  567:  else{
   317355:  568:    int count = state->handCount[player];//Get current hand count for player
        -:  569:    int deckCounter;
        -:  570:    if (DEBUG){//Debug statements
        -:  571:      printf("Current hand count: %d\n", count);
        -:  572:    }
        -:  573:        
   317355:  574:    deckCounter = state->deckCount[player];//Create holder for the deck count
   317355:  575:    state->hand[player][count] = state->deck[player][deckCounter - 1];//Add card to the hand
   317355:  576:    state->deckCount[player]--;
   317355:  577:    state->handCount[player]++;//Increment hand count
        -:  578:  }
        -:  579:    
   317355:  580:  return 0;
        -:  581:}
        -:  582:
function getCost called 0 returned 0% blocks executed 0%
    #####:  583:int getCost(int cardNumber)
        -:  584:{
    #####:  585:  switch( cardNumber )
branch  0 never executed
branch  1 never executed
branch  2 never executed
branch  3 never executed
branch  4 never executed
branch  5 never executed
branch  6 never executed
branch  7 never executed
branch  8 never executed
branch  9 never executed
branch 10 never executed
branch 11 never executed
branch 12 never executed
branch 13 never executed
branch 14 never executed
branch 15 never executed
branch 16 never executed
branch 17 never executed
branch 18 never executed
branch 19 never executed
branch 20 never executed
branch 21 never executed
branch 22 never executed
branch 23 never executed
branch 24 never executed
branch 25 never executed
branch 26 never executed
branch 27 never executed
        -:  586:    {
        -:  587:    case curse:
    #####:  588:      return 0;
        -:  589:    case estate:
    #####:  590:      return 2;
        -:  591:    case duchy:
    #####:  592:      return 5;
        -:  593:    case province:
    #####:  594:      return 8;
        -:  595:    case copper:
    #####:  596:      return 0;
        -:  597:    case silver:
    #####:  598:      return 3;
        -:  599:    case gold:
    #####:  600:      return 6;
        -:  601:    case adventurer:
    #####:  602:      return 6;
        -:  603:    case council_room:
    #####:  604:      return 5;
        -:  605:    case feast:
    #####:  606:      return 4;
        -:  607:    case gardens:
    #####:  608:      return 4;
        -:  609:    case mine:
    #####:  610:      return 5;
        -:  611:    case remodel:
    #####:  612:      return 4;
        -:  613:    case smithy:
    #####:  614:      return 4;
        -:  615:    case village:
    #####:  616:      return 3;
        -:  617:    case baron:
    #####:  618:      return 4;
        -:  619:    case great_hall:
    #####:  620:      return 3;
        -:  621:    case minion:
    #####:  622:      return 5;
        -:  623:    case steward:
    #####:  624:      return 3;
        -:  625:    case tribute:
    #####:  626:      return 5;
        -:  627:    case ambassador:
    #####:  628:      return 3;
        -:  629:    case cutpurse:
    #####:  630:      return 4;
        -:  631:    case embargo:
    #####:  632:      return 2;
        -:  633:    case outpost:
    #####:  634:      return 5;
        -:  635:    case salvager:
    #####:  636:      return 4;
        -:  637:    case sea_hag:
    #####:  638:      return 4;
        -:  639:    case treasure_map:
    #####:  640:      return 4;
        -:  641:    }
        -:  642:    
    #####:  643:  return -1;
        -:  644:}
        -:  645:
function adventurerCard called 0 returned 0% blocks executed 0%
    #####:  646:int adventurerCard(struct gameState *state) {
    #####:  647:  int currentPlayer = whoseTurn(state);
call    0 never executed
        -:  648:  int cardDrawn;
    #####:  649:  int drawntreasure = 0;
        -:  650:  int temphand[MAX_HAND];
    #####:  651:  int z = 0;
    #####:  652:  while(drawntreasure<2){
branch  0 never executed
branch  1 never executed
    #####:  653:    shuffle(currentPlayer, state);
call    0 never executed
    #####:  654:    drawCard(currentPlayer, state);
call    0 never executed
    #####:  655:    cardDrawn = state->hand[currentPlayer][state->handCount[currentPlayer]-1];//top card of hand is most recently drawn card.
    #####:  656:    if (cardDrawn == copper || cardDrawn == silver || cardDrawn == gold)
branch  0 never executed
branch  1 never executed
branch  2 never executed
branch  3 never executed
branch  4 never executed
branch  5 never executed
    #####:  657:      drawntreasure++;
        -:  658:    else{
    #####:  659:      temphand[z]=cardDrawn;
    #####:  660:      state->handCount[currentPlayer]--; //this should just remove the top card (the most recently drawn one).
    #####:  661:      z++;
        -:  662:    }
        -:  663:  }
    #####:  664:  while(z-1>=0){
branch  0 never executed
branch  1 never executed
    #####:  665:    state->discard[currentPlayer][state->discardCount[currentPlayer]++]=temphand[z-1]; // discard all cards in play that have been drawn
    #####:  666:    z=z-1;
        -:  667:  }
    #####:  668:  return 0;
        -:  669:}
        -:  670:
function smithyCard called 540 returned 100% blocks executed 100%
      540:  671:int smithyCard(struct gameState *state, int handPos) {
        -:  672:  int i;
      540:  673:  int currentPlayer = whoseTurn(state);
call    0 returned 100%
        -:  674:
        -:  675:  //+3 Cards
     1620:  676:  for (i = 1; i < 3; i++)
branch  0 taken 67%
branch  1 taken 33% (fallthrough)
        -:  677:    {
     1080:  678:      drawCard(currentPlayer, state);
call    0 returned 100%
        -:  679:    }
        -:  680:    
        -:  681:  //discard card from hand
      540:  682:  discardCard(handPos, currentPlayer, state, 0);
call    0 returned 100%
      540:  683:  return 0;
        -:  684:}
        -:  685:
function councilRoomCard called 0 returned 0% blocks executed 0%
    #####:  686:int councilRoomCard(struct gameState *state, int handPos) {
    #####:  687:  int currentPlayer = whoseTurn(state);
call    0 never executed
        -:  688:  int i;
        -:  689:    
        -:  690:  //+4 Cards
    #####:  691:  for (i = 0; i < 4; i++)
branch  0 never executed
branch  1 never executed
        -:  692:    {
    #####:  693:      drawCard(i, state);
call    0 never executed
        -:  694:    }
        -:  695:    
        -:  696:  //+1 Buy
    #####:  697:  state->numBuys++;
        -:  698:    
        -:  699:  //Each other player draws a card
    #####:  700:  for (i = 0; i < state->numPlayers; i++)
branch  0 never executed
branch  1 never executed
        -:  701:    {
    #####:  702:      if ( i != currentPlayer )
branch  0 never executed
branch  1 never executed
        -:  703:        {
    #####:  704:	  drawCard(i, state);
call    0 never executed
        -:  705:        }
        -:  706:    }
        -:  707:    
        -:  708:  //put played card in played card pile
    #####:  709:  discardCard(handPos, currentPlayer, state, 0);
call    0 never executed
        -:  710:    
    #####:  711:  return 0;
        -:  712:}
        -:  713:
function feastCard called 0 returned 0% blocks executed 0%
    #####:  714:int feastCard(struct gameState *state, int choice1) {
        -:  715:  int i;
        -:  716:  int x;
    #####:  717:  int currentPlayer = whoseTurn(state);
call    0 never executed
        -:  718:  int temphand[MAX_HAND];
        -:  719:    
        -:  720:  //gain card with cost up to 5
        -:  721:  //Backup hand
    #####:  722:  for (i = 0; i <= state->handCount[currentPlayer]; i++){
branch  0 never executed
branch  1 never executed
    #####:  723:    temphand[i] = state->hand[currentPlayer][i];//Backup card
    #####:  724:    state->hand[currentPlayer][i] = -1;//Set to nothing
        -:  725:  }
        -:  726:  //Backup hand
        -:  727:    
        -:  728:  //Update Coins for Buy
    #####:  729:  updateCoins(currentPlayer, state, 6);
call    0 never executed
    #####:  730:  x = 1;//Condition to loop on
    #####:  731:  while( x == 1) {//Buy one card
branch  0 never executed
branch  1 never executed
    #####:  732:    if (supplyCount(choice1, state) <= 0){
call    0 never executed
branch  1 never executed
branch  2 never executed
        -:  733:      if (DEBUG)
        -:  734:	printf("None of that card left, sorry!\n");
        -:  735:            
        -:  736:      if (DEBUG){
        -:  737:	printf("Cards Left: %d\n", supplyCount(choice1, state));
        -:  738:      }
        -:  739:    }
    #####:  740:    else if (state->coins < getCost(choice1)){
call    0 never executed
branch  1 never executed
branch  2 never executed
    #####:  741:      printf("That card is too expensive!\n");
call    0 never executed
        -:  742:            
        -:  743:      if (DEBUG){
        -:  744:	printf("Coins: %d < %d\n", state->coins, getCost(choice1));
        -:  745:      }
        -:  746:    }
        -:  747:    else{
        -:  748:            
        -:  749:      if (DEBUG){
        -:  750:	printf("Deck Count: %d\n", state->handCount[currentPlayer] + state->deckCount[currentPlayer] + state->discardCount[currentPlayer]);
        -:  751:      }
        -:  752:            
    #####:  753:      gainCard(choice1, state, 0, currentPlayer);//Gain the card
call    0 never executed
    #####:  754:      x = 0;//No more buying cards
        -:  755:            
        -:  756:      if (DEBUG){
        -:  757:	printf("Deck Count: %d\n", state->handCount[currentPlayer] + state->deckCount[currentPlayer] + state->discardCount[currentPlayer]);
        -:  758:      }
        -:  759:            
        -:  760:    }
        -:  761:  }
        -:  762:    
        -:  763:  //Reset Hand
    #####:  764:  for (i = 0; i <= state->handCount[currentPlayer]; i++){
branch  0 never executed
branch  1 never executed
    #####:  765:    state->hand[currentPlayer][i] = temphand[i];
    #####:  766:    temphand[i] = -1;
        -:  767:  }
        -:  768:  //Reset Hand
        -:  769:    
    #####:  770:  return 0;
        -:  771:}
        -:  772:
function mineCard called 0 returned 0% blocks executed 0%
    #####:  773:int mineCard(struct gameState *state, int choice1, int choice2, int handPos) {
        -:  774:  int i;
        -:  775:  int j;
    #####:  776:  int currentPlayer = whoseTurn(state);
call    0 never executed
        -:  777:    
    #####:  778:  j = state->hand[currentPlayer][choice1];  //store card we will trash
        -:  779:    
    #####:  780:  if (state->hand[currentPlayer][choice1] < copper || state->hand[currentPlayer][choice1] > gold)
branch  0 never executed
branch  1 never executed
branch  2 never executed
branch  3 never executed
        -:  781:    {
    #####:  782:      return -1;
        -:  783:    }
        -:  784:    
    #####:  785:  if (choice2 > treasure_map || choice2 < curse)
branch  0 never executed
branch  1 never executed
branch  2 never executed
branch  3 never executed
        -:  786:    {
    #####:  787:      return -1;
        -:  788:    }
        -:  789:    
    #####:  790:  if ( (getCost(state->hand[currentPlayer][choice1]) + 3) > getCost(choice2) )
call    0 never executed
call    1 never executed
branch  2 never executed
branch  3 never executed
        -:  791:    {
    #####:  792:      return -1;
        -:  793:    }
        -:  794:    
    #####:  795:  gainCard(choice2, state, 2, currentPlayer);
call    0 never executed
        -:  796:    
        -:  797:  //discard card from hand
    #####:  798:  discardCard(handPos, currentPlayer, state, 0);
call    0 never executed
        -:  799:    
        -:  800:  //discard trashed card
    #####:  801:  for (i = 0; i < state->handCount[currentPlayer]; i++)
branch  0 never executed
branch  1 never executed
        -:  802:    {
    #####:  803:      if (state->hand[currentPlayer][i] == j)
branch  0 never executed
branch  1 never executed
        -:  804:        {
    #####:  805:	  discardCard(i, currentPlayer, state, 0);
call    0 never executed
    #####:  806:	  break;
        -:  807:        }
        -:  808:    }
        -:  809:    
    #####:  810:  return 0;
        -:  811:}
        -:  812:
function cardEffect called 0 returned 0% blocks executed 0%
    #####:  813:int cardEffect(int card, int choice1, int choice2, int choice3, struct gameState *state, int handPos, int *bonus)
        -:  814:{
    #####:  815:  if(card == adventurer) {
branch  0 never executed
branch  1 never executed
    #####:  816:    return adventurerCard(state);
call    0 never executed
    #####:  817:  } else if(card == smithy) {
branch  0 never executed
branch  1 never executed
    #####:  818:    return smithyCard(state, handPos);
call    0 never executed
    #####:  819:  } else if(card == council_room) {
branch  0 never executed
branch  1 never executed
    #####:  820:    return councilRoomCard(state, handPos);
call    0 never executed
    #####:  821:  } else if(card == feast) {
branch  0 never executed
branch  1 never executed
    #####:  822:    return feastCard(state, choice1);
call    0 never executed
    #####:  823:  } else if(card == mine) {
branch  0 never executed
branch  1 never executed
    #####:  824:    return mineCard(state, choice1, choice2, handPos);
call    0 never executed
        -:  825:  } else {
        -:  826:    int i;
        -:  827:    int j;
        -:  828:    int k;
        -:  829:    int index;
    #####:  830:    int currentPlayer = whoseTurn(state);
call    0 never executed
    #####:  831:    int nextPlayer = currentPlayer + 1;
        -:  832:    
    #####:  833:    int tributeRevealedCards[2] = {-1, -1};
    #####:  834:    if (nextPlayer > (state->numPlayers - 1)){
branch  0 never executed
branch  1 never executed
    #####:  835:      nextPlayer = 0;
        -:  836:    }
        -:  837:    
        -:  838:    
        -:  839:    //uses switch to select card and perform actions
    #####:  840:    switch( card )
branch  0 never executed
branch  1 never executed
branch  2 never executed
branch  3 never executed
branch  4 never executed
branch  5 never executed
branch  6 never executed
branch  7 never executed
branch  8 never executed
branch  9 never executed
branch 10 never executed
branch 11 never executed
branch 12 never executed
branch 13 never executed
branch 14 never executed
branch 15 never executed
        -:  841:      {
        -:  842:      case gardens:
    #####:  843:	return -1;
        -:  844:            
        -:  845:      case remodel:
    #####:  846:	j = state->hand[currentPlayer][choice1];  //store card we will trash
        -:  847:            
    #####:  848:	if ( (getCost(state->hand[currentPlayer][choice1]) + 2) > getCost(choice2) )
call    0 never executed
call    1 never executed
branch  2 never executed
branch  3 never executed
        -:  849:	  {
    #####:  850:	    return -1;
        -:  851:	  }
        -:  852:            
    #####:  853:	gainCard(choice2, state, 0, currentPlayer);
call    0 never executed
        -:  854:            
        -:  855:	//discard card from hand
    #####:  856:	discardCard(handPos, currentPlayer, state, 0);
call    0 never executed
        -:  857:            
        -:  858:	//discard trashed card
    #####:  859:	for (i = 0; i < state->handCount[currentPlayer]; i++)
branch  0 never executed
branch  1 never executed
        -:  860:	  {
    #####:  861:	    if (state->hand[currentPlayer][i] == j)
branch  0 never executed
branch  1 never executed
        -:  862:	      {
    #####:  863:		discardCard(i, currentPlayer, state, 0);
call    0 never executed
    #####:  864:		break;
        -:  865:	      }
        -:  866:	  }
        -:  867:            
        -:  868:            
    #####:  869:	return 0;
        -:  870:            
        -:  871:      case village:
        -:  872:	//+1 Card
    #####:  873:	drawCard(currentPlayer, state);
call    0 never executed
        -:  874:            
        -:  875:	//+2 Actions
    #####:  876:	state->numActions = state->numActions + 2;
        -:  877:            
        -:  878:	//discard played card from hand
    #####:  879:	discardCard(handPos, currentPlayer, state, 0);
call    0 never executed
    #####:  880:	return 0;
        -:  881:            
        -:  882:      case baron:
    #####:  883:	state->numBuys++;//Increase buys by 1!
    #####:  884:	if (choice1 > 0){//Boolean true or going to discard an estate
branch  0 never executed
branch  1 never executed
    #####:  885:	  int p = 0;//Iterator for hand!
    #####:  886:	  int card_not_discarded = 1;//Flag for discard set!
    #####:  887:	  while(card_not_discarded){
branch  0 never executed
branch  1 never executed
    #####:  888:	    if (state->hand[currentPlayer][p] == estate){//Found an estate card!
branch  0 never executed
branch  1 never executed
    #####:  889:	      state->coins += 4;//Add 4 coins to the amount of coins
    #####:  890:	      state->discard[currentPlayer][state->discardCount[currentPlayer]] = state->hand[currentPlayer][p];
    #####:  891:	      state->discardCount[currentPlayer]++;
    #####:  892:	      for (;p < state->handCount[currentPlayer]; p++){
branch  0 never executed
branch  1 never executed
    #####:  893:		state->hand[currentPlayer][p] = state->hand[currentPlayer][p+1];
        -:  894:	      }
    #####:  895:	      state->hand[currentPlayer][state->handCount[currentPlayer]] = -1;
    #####:  896:	      state->handCount[currentPlayer]--;
    #####:  897:	      card_not_discarded = 0;//Exit the loop
        -:  898:	    }
    #####:  899:	    else if (p > state->handCount[currentPlayer]){
branch  0 never executed
branch  1 never executed
        -:  900:	      if(DEBUG) {
        -:  901:		printf("No estate cards in your hand, invalid choice\n");
        -:  902:		printf("Must gain an estate if there are any\n");
        -:  903:	      }
    #####:  904:	      if (supplyCount(estate, state) > 0){
call    0 never executed
branch  1 never executed
branch  2 never executed
    #####:  905:		gainCard(estate, state, 0, currentPlayer);
call    0 never executed
    #####:  906:		state->supplyCount[estate]--;//Decrement estates
    #####:  907:		if (supplyCount(estate, state) == 0){
call    0 never executed
branch  1 never executed
branch  2 never executed
    #####:  908:		  isGameOver(state);
call    0 never executed
        -:  909:		}
        -:  910:	      }
    #####:  911:	      card_not_discarded = 0;//Exit the loop
        -:  912:	    }
        -:  913:                    
        -:  914:	    else{
    #####:  915:	      p++;//Next card
        -:  916:	    }
        -:  917:	  }
        -:  918:	}
        -:  919:            
        -:  920:	else{
    #####:  921:	  if (supplyCount(estate, state) > 0){
call    0 never executed
branch  1 never executed
branch  2 never executed
    #####:  922:	    gainCard(estate, state, 0, currentPlayer);//Gain an estate
call    0 never executed
    #####:  923:	    state->supplyCount[estate]--;//Decrement Estates
    #####:  924:	    if (supplyCount(estate, state) == 0){
call    0 never executed
branch  1 never executed
branch  2 never executed
    #####:  925:	      isGameOver(state);
call    0 never executed
        -:  926:	    }
        -:  927:	  }
        -:  928:	}
        -:  929:            
        -:  930:            
    #####:  931:	return 0;
        -:  932:            
        -:  933:      case great_hall:
        -:  934:	//+1 Card
    #####:  935:	drawCard(currentPlayer, state);
call    0 never executed
        -:  936:            
        -:  937:	//+1 Actions
    #####:  938:	state->numActions++;
        -:  939:            
        -:  940:	//discard card from hand
    #####:  941:	discardCard(handPos, currentPlayer, state, 0);
call    0 never executed
    #####:  942:	return 0;
        -:  943:            
        -:  944:      case minion:
        -:  945:	//+1 action
    #####:  946:	state->numActions++;
        -:  947:            
        -:  948:	//discard card from hand
    #####:  949:	discardCard(handPos, currentPlayer, state, 0);
call    0 never executed
        -:  950:            
    #####:  951:	if (choice1)        //+2 coins
branch  0 never executed
branch  1 never executed
        -:  952:	  {
    #####:  953:	    state->coins = state->coins + 2;
        -:  954:	  }
        -:  955:            
    #####:  956:	else if (choice2)        //discard hand, redraw 4, other players with 5+ cards discard hand and draw 4
branch  0 never executed
branch  1 never executed
        -:  957:	  {
        -:  958:	    //discard hand
    #####:  959:	    while(numHandCards(state) > 0)
call    0 never executed
branch  1 never executed
branch  2 never executed
        -:  960:	      {
    #####:  961:		discardCard(handPos, currentPlayer, state, 0);
call    0 never executed
        -:  962:	      }
        -:  963:                
        -:  964:	    //draw 4
    #####:  965:	    for (i = 0; i < 4; i++)
branch  0 never executed
branch  1 never executed
        -:  966:	      {
    #####:  967:		drawCard(currentPlayer, state);
call    0 never executed
        -:  968:	      }
        -:  969:                
        -:  970:	    //other players discard hand and redraw if hand size > 4
    #####:  971:	    for (i = 0; i < state->numPlayers; i++)
branch  0 never executed
branch  1 never executed
        -:  972:	      {
    #####:  973:		if (i != currentPlayer)
branch  0 never executed
branch  1 never executed
        -:  974:		  {
    #####:  975:		    if ( state->handCount[i] > 4 )
branch  0 never executed
branch  1 never executed
        -:  976:		      {
        -:  977:			//discard hand
    #####:  978:			while( state->handCount[i] > 0 )
branch  0 never executed
branch  1 never executed
        -:  979:			  {
    #####:  980:			    discardCard(handPos, i, state, 0);
call    0 never executed
        -:  981:			  }
        -:  982:                            
        -:  983:			//draw 4
    #####:  984:			for (j = 0; j < 4; j++)
branch  0 never executed
branch  1 never executed
        -:  985:			  {
    #####:  986:			    drawCard(i, state);
call    0 never executed
        -:  987:			  }
        -:  988:		      }
        -:  989:		  }
        -:  990:	      }
        -:  991:                
        -:  992:	  }
    #####:  993:	return 0;
        -:  994:            
        -:  995:      case steward:
    #####:  996:	if (choice1 == 1)
branch  0 never executed
branch  1 never executed
        -:  997:	  {
        -:  998:	    //+2 cards
    #####:  999:	    drawCard(currentPlayer, state);
call    0 never executed
    #####: 1000:	    drawCard(currentPlayer, state);
call    0 never executed
        -: 1001:	  }
    #####: 1002:	else if (choice1 == 2)
branch  0 never executed
branch  1 never executed
        -: 1003:	  {
        -: 1004:	    //+2 coins
    #####: 1005:	    state->coins = state->coins + 2;
        -: 1006:	  }
        -: 1007:	else
        -: 1008:	  {
        -: 1009:	    //trash 2 cards in hand
    #####: 1010:	    discardCard(choice2, currentPlayer, state, 1);
call    0 never executed
    #####: 1011:	    discardCard(choice3, currentPlayer, state, 1);
call    0 never executed
        -: 1012:	  }
        -: 1013:            
        -: 1014:	//discard card from hand
    #####: 1015:	discardCard(handPos, currentPlayer, state, 0);
call    0 never executed
    #####: 1016:	return 0;
        -: 1017:            
        -: 1018:      case tribute:
    #####: 1019:	if ((state->discardCount[nextPlayer] + state->deckCount[nextPlayer]) <= 1){
branch  0 never executed
branch  1 never executed
    #####: 1020:	  if (state->deckCount[nextPlayer] > 0){
branch  0 never executed
branch  1 never executed
    #####: 1021:	    tributeRevealedCards[0] = state->deck[nextPlayer][state->deckCount[nextPlayer]-1];
    #####: 1022:	    state->deckCount[nextPlayer]--;
        -: 1023:	  }
    #####: 1024:	  else if (state->discardCount[nextPlayer] > 0){
branch  0 never executed
branch  1 never executed
    #####: 1025:	    tributeRevealedCards[0] = state->discard[nextPlayer][state->discardCount[nextPlayer]-1];
    #####: 1026:	    state->discardCount[nextPlayer]--;
        -: 1027:	  }
        -: 1028:	  else{
        -: 1029:	    //No Card to Reveal
        -: 1030:	    if (DEBUG){
        -: 1031:	      printf("No cards to reveal\n");
        -: 1032:	    }
        -: 1033:	  }
        -: 1034:	}
        -: 1035:            
        -: 1036:	else{
    #####: 1037:	  if (state->deckCount[nextPlayer] == 0){
branch  0 never executed
branch  1 never executed
    #####: 1038:	    for (i = 0; i < state->discardCount[nextPlayer]; i++){
branch  0 never executed
branch  1 never executed
    #####: 1039:	      state->deck[nextPlayer][i] = state->discard[nextPlayer][i];//Move to deck
    #####: 1040:	      state->deckCount[nextPlayer]++;
    #####: 1041:	      state->discard[nextPlayer][i] = -1;
    #####: 1042:	      state->discardCount[nextPlayer]--;
        -: 1043:	    }
        -: 1044:                    
    #####: 1045:	    shuffle(nextPlayer,state);//Shuffle the deck
call    0 never executed
        -: 1046:	  }
    #####: 1047:	  tributeRevealedCards[0] = state->deck[nextPlayer][state->deckCount[nextPlayer]-1];
    #####: 1048:	  state->deck[nextPlayer][state->deckCount[nextPlayer]--] = -1;
    #####: 1049:	  state->deckCount[nextPlayer]--;
    #####: 1050:	  tributeRevealedCards[1] = state->deck[nextPlayer][state->deckCount[nextPlayer]-1];
    #####: 1051:	  state->deck[nextPlayer][state->deckCount[nextPlayer]--] = -1;
    #####: 1052:	  state->deckCount[nextPlayer]--;
        -: 1053:	}
        -: 1054:            
    #####: 1055:	if (tributeRevealedCards[0] == tributeRevealedCards[1]){//If we have a duplicate card, just drop one
branch  0 never executed
branch  1 never executed
    #####: 1056:	  state->playedCards[state->playedCardCount] = tributeRevealedCards[1];
    #####: 1057:	  state->playedCardCount++;
    #####: 1058:	  tributeRevealedCards[1] = -1;
        -: 1059:	}
        -: 1060:            
    #####: 1061:	for (i = 0; i <= 2; i ++){
branch  0 never executed
branch  1 never executed
    #####: 1062:	  if (tributeRevealedCards[i] == copper || tributeRevealedCards[i] == silver || tributeRevealedCards[i] == gold){//Treasure cards
branch  0 never executed
branch  1 never executed
branch  2 never executed
branch  3 never executed
branch  4 never executed
branch  5 never executed
    #####: 1063:	    state->coins += 2;
        -: 1064:	  }
        -: 1065:                
    #####: 1066:	  else if (tributeRevealedCards[i] == estate || tributeRevealedCards[i] == duchy || tributeRevealedCards[i] == province || tributeRevealedCards[i] == gardens || tributeRevealedCards[i] == great_hall){//Victory Card Found
branch  0 never executed
branch  1 never executed
branch  2 never executed
branch  3 never executed
branch  4 never executed
branch  5 never executed
branch  6 never executed
branch  7 never executed
branch  8 never executed
branch  9 never executed
    #####: 1067:	    drawCard(currentPlayer, state);
call    0 never executed
    #####: 1068:	    drawCard(currentPlayer, state);
call    0 never executed
        -: 1069:	  }
        -: 1070:	  else{//Action Card
    #####: 1071:	    state->numActions = state->numActions + 2;
        -: 1072:	  }
        -: 1073:	}
        -: 1074:            
    #####: 1075:	return 0;
        -: 1076:            
        -: 1077:      case ambassador:
    #####: 1078:	j = 0;        //used to check if player has enough cards to discard
        -: 1079:            
    #####: 1080:	if (choice2 > 2 || choice2 < 0)
branch  0 never executed
branch  1 never executed
branch  2 never executed
branch  3 never executed
        -: 1081:	  {
    #####: 1082:	    return -1;
        -: 1083:	  }
        -: 1084:            
    #####: 1085:	if (choice1 == handPos)
branch  0 never executed
branch  1 never executed
        -: 1086:	  {
    #####: 1087:	    return -1;
        -: 1088:	  }
        -: 1089:            
    #####: 1090:	for (i = 0; i < state->handCount[currentPlayer]; i++)
branch  0 never executed
branch  1 never executed
        -: 1091:	  {
    #####: 1092:	    if (i != handPos && i == state->hand[currentPlayer][choice1] && i != choice1)
branch  0 never executed
branch  1 never executed
branch  2 never executed
branch  3 never executed
branch  4 never executed
branch  5 never executed
        -: 1093:	      {
    #####: 1094:		j++;
        -: 1095:	      }
        -: 1096:	  }
    #####: 1097:	if (j < choice2)
branch  0 never executed
branch  1 never executed
        -: 1098:	  {
    #####: 1099:	    return -1;
        -: 1100:	  }
        -: 1101:            
        -: 1102:	if (DEBUG)
        -: 1103:	  printf("Player %d reveals card number: %d\n", currentPlayer, state->hand[currentPlayer][choice1]);
        -: 1104:            
        -: 1105:	//increase supply count for choosen card by amount being discarded
    #####: 1106:	state->supplyCount[state->hand[currentPlayer][choice1]] += choice2;
        -: 1107:            
        -: 1108:	//each other player gains a copy of revealed card
    #####: 1109:	for (i = 0; i < state->numPlayers; i++)
branch  0 never executed
branch  1 never executed
        -: 1110:	  {
    #####: 1111:	    if (i != currentPlayer)
branch  0 never executed
branch  1 never executed
        -: 1112:	      {
    #####: 1113:		gainCard(state->hand[currentPlayer][choice1], state, 0, i);
call    0 never executed
        -: 1114:	      }
        -: 1115:	  }
        -: 1116:            
        -: 1117:	//discard played card from hand
    #####: 1118:	discardCard(handPos, currentPlayer, state, 0);
call    0 never executed
        -: 1119:            
        -: 1120:	//trash copies of cards returned to supply
    #####: 1121:	for (j = 0; j < choice2; j++)
branch  0 never executed
branch  1 never executed
        -: 1122:	  {
    #####: 1123:	    for (i = 0; i < state->handCount[currentPlayer]; i++)
branch  0 never executed
branch  1 never executed
        -: 1124:	      {
    #####: 1125:		if (state->hand[currentPlayer][i] == state->hand[currentPlayer][choice1])
branch  0 never executed
branch  1 never executed
        -: 1126:		  {
    #####: 1127:		    discardCard(i, currentPlayer, state, 1);
call    0 never executed
    #####: 1128:		    break;
        -: 1129:		  }
        -: 1130:	      }
        -: 1131:	  }
        -: 1132:            
    #####: 1133:	return 0;
        -: 1134:            
        -: 1135:      case cutpurse:
        -: 1136:            
    #####: 1137:	updateCoins(currentPlayer, state, 2);
call    0 never executed
    #####: 1138:	for (i = 0; i < state->numPlayers; i++)
branch  0 never executed
branch  1 never executed
        -: 1139:	  {
    #####: 1140:	    if (i != currentPlayer)
branch  0 never executed
branch  1 never executed
        -: 1141:	      {
    #####: 1142:		for (j = 0; j < state->handCount[i]; j++)
branch  0 never executed
branch  1 never executed
        -: 1143:		  {
    #####: 1144:		    if (state->hand[i][j] == copper)
branch  0 never executed
branch  1 never executed
        -: 1145:		      {
    #####: 1146:			discardCard(j, i, state, 0);
call    0 never executed
    #####: 1147:			break;
        -: 1148:		      }
    #####: 1149:		    if (j == state->handCount[i])
branch  0 never executed
branch  1 never executed
        -: 1150:		      {
    #####: 1151:			for (k = 0; k < state->handCount[i]; k++)
branch  0 never executed
branch  1 never executed
        -: 1152:			  {
        -: 1153:			    if (DEBUG)
        -: 1154:			      printf("Player %d reveals card number %d\n", i, state->hand[i][k]);
        -: 1155:			  }
    #####: 1156:			break;
        -: 1157:		      }
        -: 1158:		  }
        -: 1159:                    
        -: 1160:	      }
        -: 1161:                
        -: 1162:	  }
        -: 1163:            
        -: 1164:	//discard played card from hand
    #####: 1165:	discardCard(handPos, currentPlayer, state, 0);
call    0 never executed
        -: 1166:            
    #####: 1167:	return 0;
        -: 1168:            
        -: 1169:            
        -: 1170:      case embargo:
        -: 1171:	//+2 Coins
    #####: 1172:	state->coins = state->coins + 2;
        -: 1173:            
        -: 1174:	//see if selected pile is in play
    #####: 1175:	if ( state->supplyCount[choice1] == -1 )
branch  0 never executed
branch  1 never executed
        -: 1176:	  {
    #####: 1177:	    return -1;
        -: 1178:	  }
        -: 1179:            
        -: 1180:	//add embargo token to selected supply pile
    #####: 1181:	state->embargoTokens[choice1]++;
        -: 1182:            
        -: 1183:	//trash card
    #####: 1184:	discardCard(handPos, currentPlayer, state, 1);
call    0 never executed
    #####: 1185:	return 0;
        -: 1186:            
        -: 1187:      case outpost:
        -: 1188:	//set outpost flag
    #####: 1189:	state->outpostPlayed++;
        -: 1190:            
        -: 1191:	//discard card
    #####: 1192:	discardCard(handPos, currentPlayer, state, 0);
call    0 never executed
    #####: 1193:	return 0;
        -: 1194:            
        -: 1195:      case salvager:
        -: 1196:	//+1 buy
    #####: 1197:	state->numBuys++;
        -: 1198:            
    #####: 1199:	if (choice1)
branch  0 never executed
branch  1 never executed
        -: 1200:	  {
        -: 1201:	    //gain coins equal to trashed card
    #####: 1202:	    state->coins = state->coins + getCost( handCard(choice1, state) );
call    0 never executed
call    1 never executed
        -: 1203:	    //trash card
    #####: 1204:	    discardCard(choice1, currentPlayer, state, 1);
call    0 never executed
        -: 1205:	  }
        -: 1206:            
        -: 1207:	//discard card
    #####: 1208:	discardCard(handPos, currentPlayer, state, 0);
call    0 never executed
    #####: 1209:	return 0;
        -: 1210:            
        -: 1211:      case sea_hag:
    #####: 1212:	for (i = 0; i < state->numPlayers; i++){
branch  0 never executed
branch  1 never executed
    #####: 1213:	  if (i != currentPlayer){
branch  0 never executed
branch  1 never executed
    #####: 1214:	    state->discard[i][state->discardCount[i]] = state->deck[i][state->deckCount[i]--];                state->deckCount[i]--;
    #####: 1215:	    state->discardCount[i]++;
    #####: 1216:	    state->deck[i][state->deckCount[i]--] = curse;//Top card now a curse
        -: 1217:	  }
        -: 1218:	}
    #####: 1219:	return 0;
        -: 1220:            
        -: 1221:      case treasure_map:
        -: 1222:	//search hand for another treasure_map
    #####: 1223:	index = -1;
    #####: 1224:	for (i = 0; i < state->handCount[currentPlayer]; i++)
branch  0 never executed
branch  1 never executed
        -: 1225:	  {
    #####: 1226:	    if (state->hand[currentPlayer][i] == treasure_map && i != handPos)
branch  0 never executed
branch  1 never executed
branch  2 never executed
branch  3 never executed
        -: 1227:	      {
    #####: 1228:		index = i;
    #####: 1229:		break;
        -: 1230:	      }
        -: 1231:	  }
    #####: 1232:	if (index > -1)
branch  0 never executed
branch  1 never executed
        -: 1233:	  {
        -: 1234:	    //trash both treasure cards
    #####: 1235:	    discardCard(handPos, currentPlayer, state, 1);
call    0 never executed
    #####: 1236:	    discardCard(index, currentPlayer, state, 1);
call    0 never executed
        -: 1237:                
        -: 1238:	    //gain 4 Gold cards
    #####: 1239:	    for (i = 0; i < 4; i++)
branch  0 never executed
branch  1 never executed
        -: 1240:	      {
    #####: 1241:		gainCard(gold, state, 1, currentPlayer);
call    0 never executed
        -: 1242:	      }
        -: 1243:                
        -: 1244:	    //return success
    #####: 1245:	    return 1;
        -: 1246:	  }
        -: 1247:            
        -: 1248:	//no second treasure_map found in hand
    #####: 1249:	return -1;
        -: 1250:      }
        -: 1251:    
    #####: 1252:    return -1;
        -: 1253:  }
        -: 1254:}
        -: 1255:
function discardCard called 720 returned 100% blocks executed 100%
      720: 1256:int discardCard(int handPos, int currentPlayer, struct gameState *state, int trashFlag)
        -: 1257:{
        -: 1258:    
        -: 1259:  //if card is not trashed, added to Played pile
      720: 1260:  if (trashFlag < 1)
branch  0 taken 88% (fallthrough)
branch  1 taken 13%
        -: 1261:    {
        -: 1262:      //add card to played pile
      630: 1263:      state->playedCards[state->playedCardCount] = state->hand[currentPlayer][handPos];
      630: 1264:      state->playedCardCount++;
        -: 1265:    }
        -: 1266:    
        -: 1267:  //set played card to -1
      720: 1268:  state->hand[currentPlayer][handPos] = -1;
        -: 1269:    
        -: 1270:  //remove card from player's hand
      720: 1271:  if ( handPos == (state->handCount[currentPlayer] - 1) )     //last card in hand array is played
branch  0 taken 5% (fallthrough)
branch  1 taken 95%
        -: 1272:    {
        -: 1273:      //reduce number of cards in hand
       34: 1274:      state->handCount[currentPlayer]--;
        -: 1275:    }
      686: 1276:  else if ( state->handCount[currentPlayer] == 1 ) //only one card in hand
branch  0 taken 1% (fallthrough)
branch  1 taken 99%
        -: 1277:    {
        -: 1278:      //reduce number of cards in hand
        2: 1279:      state->handCount[currentPlayer]--;
        -: 1280:    }
        -: 1281:  else
        -: 1282:    {
        -: 1283:      //replace discarded card with last card in hand
      684: 1284:      state->hand[currentPlayer][handPos] = state->hand[currentPlayer][ (state->handCount[currentPlayer] - 1)];
        -: 1285:      //set last card to -1
      684: 1286:      state->hand[currentPlayer][state->handCount[currentPlayer] - 1] = -1;
        -: 1287:      //reduce number of cards in hand
      684: 1288:      state->handCount[currentPlayer]--;
        -: 1289:    }
        -: 1290:    
      720: 1291:  return 0;
        -: 1292:}
        -: 1293:
function gainCard called 660000 returned 100% blocks executed 100%
   660000: 1294:int gainCard(int supplyPos, struct gameState *state, int toFlag, int player)
        -: 1295:{
        -: 1296:  //Note: supplyPos is enum of choosen card
        -: 1297:    
        -: 1298:  //check if supply pile is empty (0) or card is not used in game (-1)
   660000: 1299:  if ( supplyCount(supplyPos, state) < 1 )
call    0 returned 100%
branch  1 taken 9% (fallthrough)
branch  2 taken 91%
        -: 1300:    {
    60000: 1301:      return -1;
        -: 1302:    }
        -: 1303:    
        -: 1304:  //added card for [whoseTurn] current player:
        -: 1305:  // toFlag = 0 : add to discard
        -: 1306:  // toFlag = 1 : add to deck
        -: 1307:  // toFlag = 2 : add to hand
        -: 1308:    
   600000: 1309:  if (toFlag == 1)
branch  0 taken 33% (fallthrough)
branch  1 taken 67%
        -: 1310:    {
   200000: 1311:      state->deck[ player ][ state->deckCount[player] ] = supplyPos;
   200000: 1312:      state->deckCount[player]++;
        -: 1313:    }
   400000: 1314:  else if (toFlag == 2)
branch  0 taken 50% (fallthrough)
branch  1 taken 50%
        -: 1315:    {
   200000: 1316:      state->hand[ player ][ state->handCount[player] ] = supplyPos;
   200000: 1317:      state->handCount[player]++;
        -: 1318:    }
        -: 1319:  else
        -: 1320:    {
   200000: 1321:      state->discard[player][ state->discardCount[player] ] = supplyPos;
   200000: 1322:      state->discardCount[player]++;
        -: 1323:    }
        -: 1324:    
        -: 1325:  //decrease number in supply pile
   600000: 1326:  state->supplyCount[supplyPos]--;
        -: 1327:    
   600000: 1328:  return 0;
        -: 1329:}
        -: 1330:
function updateCoins called 63255 returned 100% blocks executed 82%
    63255: 1331:int updateCoins(int player, struct gameState *state, int bonus)
        -: 1332:{
        -: 1333:  int i;
        -: 1334:    
        -: 1335:  //reset coin count
    63255: 1336:  state->coins = 0;
        -: 1337:    
        -: 1338:  //add coins for each Treasure card in player's hand
   379530: 1339:  for (i = 0; i < state->handCount[player]; i++)
branch  0 taken 83%
branch  1 taken 17% (fallthrough)
        -: 1340:    {
   316275: 1341:      if (state->hand[player][i] == copper)
branch  0 taken 80% (fallthrough)
branch  1 taken 20%
        -: 1342:        {
   253020: 1343:	  state->coins += 1;
        -: 1344:        }
    63255: 1345:      else if (state->hand[player][i] == silver)
branch  0 taken 0% (fallthrough)
branch  1 taken 100%
        -: 1346:        {
    #####: 1347:	  state->coins += 2;
        -: 1348:        }
    63255: 1349:      else if (state->hand[player][i] == gold)
branch  0 taken 0% (fallthrough)
branch  1 taken 100%
        -: 1350:        {
    #####: 1351:	  state->coins += 3;
        -: 1352:        }
        -: 1353:    }
        -: 1354:    
        -: 1355:  //add bonus
    63255: 1356:  state->coins += bonus;
        -: 1357:    
    63255: 1358:  return 0;
        -: 1359:}
        -: 1360:
        -: 1361:
        -: 1362://end of dominion.c
